<?xml version="1.0" encoding="UTF-8"?>
<testng-results total="1" passed="1" failed="0" skipped="0">
  <reporter-output>
  </reporter-output>
  <suite started-at="2018-12-22T17:11:30Z" name="Default suite" finished-at="2018-12-22T17:11:56Z" duration-ms="26127">
    <groups>
    </groups>
    <test started-at="2018-12-22T17:11:30Z" name="Default test" finished-at="2018-12-22T17:11:56Z" duration-ms="26127">
      <class name="Academy.HomePage">
        <test-method signature="basePageNavigation()[pri:0, instance:Academy.HomePage@1c1bbc4e]" started-at="2018-12-22T22:41:30Z" name="basePageNavigation" finished-at="2018-12-22T22:41:56Z" duration-ms="26104" status="PASS">
          <reporter-output>
          </reporter-output>
        </test-method> <!-- basePageNavigation -->
      </class> <!-- Academy.HomePage -->
    </test> <!-- Default test -->
  </suite> <!-- Default suite -->
</testng-results>
